* installing *source* package 'R.utils' ...
** using non-staged installation
** R
** inst
** tests
** byte-compile and prepare package for lazy loading
** help
*** installing help indices
** building package indices
** testing if installed package can be loaded
* DONE (R.utils)
R.utils Coverage: 63.87%
R/Assert.R: 0.00%
R/CmdArgsFunction.R: 0.00%
R/FileListTree.R: 0.00%
R/GenericSummary.R: 0.00%
R/LComments.R: 0.00%
R/copyDirectory.R: 0.00%
R/createWindowsShortcut.R: 0.00%
R/density.EXTS.R: 0.00%
R/detachPlain.R: 0.00%
R/downloadFile.R: 0.00%
R/getCommonPrefix.R: 0.00%
R/hsize.R: 0.00%
R/inAnyInterval.R: 0.00%
R/installPackages.R: 0.00%
R/isEof.connection.R: 0.00%
R/isOpen.character.R: 0.00%
R/mapToIntervals.R: 0.00%
R/mergeByCommonTails.R: 0.00%
R/mergeIntervals.R: 0.00%
R/moveInSearchPath.R: 0.00%
R/onGarbageCollect.R: 0.00%
R/patchCode.R: 0.00%
R/readRdHelp.R: 0.00%
R/readTable.R: 0.00%
R/readTableIndex.R: 0.00%
R/reassignInPackage.R: 0.00%
R/setOption.R: 0.00%
R/shell.exec2.R: 0.00%
R/splitByCommonTails.R: 0.00%
R/stext.R: 0.00%
R/toAsciiRegExprPattern.R: 0.00%
R/toUrl.R: 0.00%
R/System.R: 5.26%
R/NullVerbose.R: 20.00%
R/createLink.R: 29.25%
R/Sys.readlink2.R: 31.91%
R/touchFile.R: 36.11%
R/getPathIfEmpty.R: 36.36%
R/zzz.R: 38.71%
R/addFinalizerToLast.R: 41.18%
R/Arguments.R: 49.58%
R/nullfile.R: 50.00%
R/utils.R: 50.00%
R/gcDLLs.R: 52.78%
R/sourceDirectory.R: 52.78%
R/mkdirs.R: 54.39%
R/queryRCmdCheck.R: 55.81%
R/extract.array.R: 56.10%
R/Settings.R: 56.16%
R/loadToEnv.R: 58.33%
R/use.R: 60.31%
R/writeBinFragments.R: 62.71%
R/Java.R: 65.62%
R/isDirectory.R: 66.67%
R/tempvar.R: 67.86%
R/doCall.R: 68.00%
R/detachPackage.R: 68.75%
R/SmartComments.R: 70.00%
R/compressPDF.R: 70.21%
R/readWindowsShortcut.R: 71.48%
R/unwrap.array.R: 71.83%
R/subplots.R: 73.91%
R/VComments.R: 75.00%
R/onSessionExit.R: 75.00%
R/filePath.R: 75.51%
R/GString-class.R: 75.70%
R/Options.R: 76.03%
R/getParent.R: 78.57%
R/findSourceTraceback.R: 79.31%
R/lastModified.R: 80.00%
R/loadObject.R: 80.77%
R/copyFile.R: 81.03%
R/compressFile.R: 81.65%
R/readWindowsShellLink.R: 81.70%
R/readBinFragments.R: 81.93%
R/pushBackupFile.R: 82.05%
R/wrap.array.R: 82.22%
R/Verbose.R: 83.20%
R/withRepos.R: 83.33%
R/sourceTo.R: 83.64%
R/isFile.R: 84.21%
R/withSink.R: 84.21%
R/popBackupFile.R: 84.31%
R/fileAccess.R: 85.00%
R/withCapture.R: 85.71%
R/withLocale.R: 85.71%
R/getRelativePath.R: 86.27%
R/getAbsolutePath.R: 88.00%
R/intervalsToSeq.R: 88.89%
R/withOptions.R: 88.89%
R/removeDirectory.R: 89.47%
R/renameFile.R: 89.47%
R/displayCode.R: 90.11%
R/popTemporaryFile.R: 90.62%
R/MultiVerbose.R: 90.91%
R/hpaste.R: 90.91%
R/whichVector.R: 90.91%
R/findFiles.R: 91.03%
R/callHooks.R: 91.11%
R/ProgressBar.R: 91.30%
R/saveObject.R: 91.43%
R/eget.R: 91.67%
R/writeDataFrame.R: 91.67%
R/insert.R: 92.13%
R/pushTemporaryFile.R: 92.31%
R/TextStatusBar.R: 92.45%
R/withSeed.R: 92.86%
R/commandArgs.R: 93.24%
R/dimNA.R: 93.33%
R/colClasses.R: 93.42%
R/countLines.R: 93.48%
R/isAbsolutePath.R: 93.75%
R/listDirectory.R: 93.94%
R/useRepos.R: 94.57%
R/createFileAtomically.R: 94.59%
R/mpager.R: 95.00%
R/splitByPattern.R: 95.00%
R/mout.R: 95.24%
R/attachLocally.R: 95.45%
R/captureOutput.R: 95.45%
R/cmdArgs.R: 96.49%
R/withTimeout.R: 96.67%
R/parseArgs.R: 97.06%
R/006.fixVarArgs.R: 100.00%
R/FileProgressBar.R: 100.00%
R/TimeoutException.R: 100.00%
R/capitalize.R: 100.00%
R/dataFrame.R: 100.00%
R/egsub.R: 100.00%
R/env.R: 100.00%
R/finalizeSession.R: 100.00%
R/gcat.R: 100.00%
R/gstring.R: 100.00%
R/hasUrlProtocol.R: 100.00%
R/intToHex.R: 100.00%
R/isPackageInstalled.R: 100.00%
R/isPackageLoaded.R: 100.00%
R/isReplicated.R: 100.00%
R/isSingle.R: 100.00%
R/isUrl.R: 100.00%
R/isZero.R: 100.00%
R/printf.R: 100.00%
R/resample.R: 100.00%
R/seqToHumanReadable.R: 100.00%
R/seqToIntervals.R: 100.00%
R/systemR.R: 100.00%
R/tmpfile.R: 100.00%
R/toCamelCase.R: 100.00%
2896.04
