Warning in setGenericS3.default(name, export = exportGeneric, envir = envir,  :
  Renamed the preexisting function warnings to warnings.default, which was defined in environment R.utils.
Warning in setGenericS3.default("use") :
  Renamed the preexisting function use to use.default, which was defined in environment R.utils.
Warning in setMethodS3.default("use", "default", function(pkg = "R.utils",  :
  Method already existed and was overwritten: use.default
  converting help for package 'R.utils'
    FileProgressBar                         example
    GString-class                           example
    Java                                    example
    MultiVerbose                            example
    NullVerbose                             example
    Options                                 example
    ProgressBar                             example
    Settings                                example
    TextStatusBar                           example
    VComments                               example
    Verbose                                 example
    attachLocally.list                      example
    callHooks                               example
    capitalize                              example
    captureOutput                           example
    cmdArgs                                 example
    cmdArgsCall                             example
    colClasses                              example
    commandArgs                             example
    compressFile                            example
    compressPDF                             example
    countLines                              example
    createFileAtomically                    example
    createWindowsShortcut                   example
    dataFrame                               example
    dimNALT_-                               example
    displayCode                             example
    doCall                                  example
    downloadFile.character                  example
    eget                                    example
    egsub                                   example
    env                                     example
    extract.array                           example
    fileAccess                              example
    filePath                                example
    findGhostscript.System                  example
    findGraphicsDevice.System               example
    findSourceTraceback                     example
    getRelativePath                         example
    hpaste                                  example
    hsize                                   example
    insert                                  example
    installPackages                         example
    intervalsToSeq.matrix                   example
    isReplicated                            example
    isZero                                  example
    mout                                    example
    moveInSearchPath                        example
    onGarbageCollect                        example
    onSessionExit                           example
    openBrowser.System                      example
    parseDebian.System                      example
    patchCode                               example
    printf                                  example
    pushBackupFile                          example
    pushTemporaryFile                       example
    queryRCmdCheck                          example
    readBinFragments                        example
    readTableIndex                          example
    readWindowsShellLink                    example
    readWindowsShortcut                     example
    seqToHumanReadable                      example
    seqToIntervals                          example
    sourceTo                                example
    splitByPattern                          example
    subplots                                example
    systemR                                 example
    tempvar                                 example
    tmpfile                                 example
    toCamelCase                             example
    touchFile                               example
    unwrap.array                            example
    use                                     example
    whichVector.logical                     example
    withCapture                             example
    withLocale                              example
    withOptions                             example
    withRepos                               example
    withSeed                                example
    withSink                                example
    withTimeout                             example
    wrap.array                              example
    writeBinFragments                       example
